Network: it 2008-02-14
Number of users of whole graph: 255712
Network: eml 2008-06-13
Number of users of whole graph: 153
Network: vec 2008-06-25
Number of users of whole graph: 576
Network: vec 2008-06-25
Number of users of whole graph: 576
Network: vec 2008-06-25
Number of users of whole graph: 576
Network: vec 2008-06-25
Number of users of whole graph: 576
Network: vec 2008-06-25
Number of users of whole graph: 576
Network: nap 2008-07-14
Number of users of whole graph: 606
Network: fur 2008-06-14
Number of users of whole graph: 232
Network: fur 2008-06-14
Number of users of whole graph: 232
Network: nap 2008-07-14
Number of users of whole graph: 606
Network: nap 2008-07-14
Number of users of whole graph: 606
Network: la 2008-07-12
Number of users of whole graph: 3645
Network: simple 2008-07-17
Number of users of whole graph: 22012
Network: la 2008-07-12
Number of users of whole graph: 3645
Network: simple 2008-07-17
Number of users of whole graph: 22012
Network: nap 2008-07-14
Number of users of whole graph: 606
Network: it 2008-02-14
Number of users of whole graph: 255712
Network: eml 2008-06-13
Number of users of whole graph: 153
Network: vec 2008-06-25
Number of users of whole graph: 576
Network: vec 2008-06-25
Number of users of whole graph: 576
Network: it 2008-02-14
Number of users of whole graph: 255710
